<?xml version="1.0" encoding="UTF-8"?>
<!-- Generated by org.testng.reporters.JUnitXMLReporter -->
<testsuite ignored="0" hostname="DESKTOP-J12DM56" failures="0" tests="6" name="Test" time="50.272" errors="0" timestamp="2026-06-22T08:23:43 IST">
  <testcase classname="FirstTestNG" name="sampleTest1" time="0.029"/>
  <testcase classname="FirstTestNG" name="sampleTest2" time="0.006"/>
  <testcase classname="sauceDemoTestNG" name="setup" time="9.778"/>
  <testcase classname="Google" name="googlesearch" time="23.363"/>
  <testcase classname="Google2" name="googlesearch" time="8.893"/>
  <testcase classname="Google3" name="googlesearch" time="7.997"/>
</testsuite> <!-- Test -->
