<?xml version="1.0" encoding="UTF-8"?>
<testng-results ignored="0" total="1" passed="1" failed="0" skipped="0">
  <reporter-output>
  </reporter-output>
  <suite started-at="2026-06-22T19:22:54 IST" name="Default suite" finished-at="2026-06-22T19:23:02 IST" duration-ms="8522">
    <groups>
      <group name="smoke">
        <method signature="Google.googlesearch()[pri:0, instance:Google@397fbdb]" name="googlesearch" class="Google"/>
      </group> <!-- smoke -->
      <group name="regrssion">
        <method signature="Google.googlesearch()[pri:0, instance:Google@397fbdb]" name="googlesearch" class="Google"/>
      </group> <!-- regrssion -->
    </groups>
    <test started-at="2026-06-22T19:22:54 IST" name="Default test" finished-at="2026-06-22T19:23:02 IST" duration-ms="8522">
      <class name="Google">
        <test-method signature="googlesearch()[pri:0, instance:Google@397fbdb]" started-at="2026-06-22T19:22:54 IST" name="googlesearch" finished-at="2026-06-22T19:23:02 IST" duration-ms="8432" status="PASS">
          <reporter-output>
          </reporter-output>
        </test-method> <!-- googlesearch -->
      </class> <!-- Google -->
    </test> <!-- Default test -->
  </suite> <!-- Default suite -->
</testng-results>
